Removed Parameter S.Description:ARM Microcontrollers - MCU 32-bit ARM Cortex-M0 64KB Flash 12KB SRAM from Part U1
Removed Parameter S.Description:Crystals 12MHz 30ppm 18pF -20C +70C from Part Y1
Removed Parameter S.Description:LDO Voltage Regulators Sgl Fixed Out LDO 150mA,1uA Quies Crnt from Part U2
Removed Parameter S.Description:MOSFET -50V 200mW from Part Q1
Removed Parameter S.Description:Multilayer Ceramic Capacitors MLCC - SMD/SMT 50volts 0.1uF 10% X7R from Part C1
Removed Parameter S.Description:Multilayer Ceramic Capacitors MLCC - SMD/SMT 50volts 0.1uF 10% X7R from Part C4
Removed Parameter S.Description:Multilayer Ceramic Capacitors MLCC - SMD/SMT 50volts 0.1uF 10% X7R from Part C5
Removed Parameter S.Description:Multilayer Ceramic Capacitors MLCC - SMD/SMT 50volts 33pF 5% C0G from Part C6
Removed Parameter S.Description:Multilayer Ceramic Capacitors MLCC - SMD/SMT 50volts 33pF 5% C0G from Part C7
Removed Parameter S.Description:Multilayer Ceramic Capacitors MLCC - SMD/SMT 0603 1.0uF 16volts X7R 10% from Part C8
Removed Parameter S.Description:Multilayer Ceramic Capacitors MLCC - SMD/SMT 0603 1.0uF 16volts X7R 10% from Part C10
Removed Parameter S.Description:Schottky Diodes & Rectifiers 0603 FC SCHOTTKY DIODES from Part D5
Removed Parameter S.Description:Standard LEDs - SMD Blue, 470nm 45mcd, 5mA from Part D3
Removed Parameter S.Description:Standard LEDs - SMD GREEN WATER CLEAR from Part D2
Removed Parameter S.Description:Standard LEDs - SMD Super Red, 633nm 180mcd, 20mA from Part D1
Removed Parameter S.Description:Tactile Switches 4.7x3.5mm SMD Light Touch Switch from Part SW3
Removed Parameter S.Description:Tactile Switches 4.7x3.5mm SMD Light Touch Switch from Part SW4
Removed Parameter S.Description:Thick Film Resistors - SMD 0603 Zero Ohms from Part R12
Removed Parameter S.Description:Thick Film Resistors - SMD 0603 Zero Ohms from Part R13
Removed Parameter S.Description:Thick Film Resistors - SMD 0603 1.5Kohms 1% Tol from Part R10
Removed Parameter S.Description:Thick Film Resistors - SMD 0603 10Kohms 1% Tol from Part R1
Removed Parameter S.Description:Thick Film Resistors - SMD 0603 10Kohms 1% Tol from Part R3
Removed Parameter S.Description:Thick Film Resistors - SMD 0603 10Kohms 1% Tol from Part R4
Removed Parameter S.Description:Thick Film Resistors - SMD 0603 10Kohms 1% Tol from Part R9
Removed Parameter S.Description:Thick Film Resistors - SMD 0603 10Kohms 1% Tol from Part R14
Removed Parameter S.Description:Thick Film Resistors - SMD 0603 18Kohms 5% Tol from Part R15
Removed Parameter S.Description:Thick Film Resistors - SMD 0603 33.0ohms 1% Tol from Part R6
Removed Parameter S.Description:Thick Film Resistors - SMD 0603 33.0ohms 1% Tol from Part R8
Removed Parameter S.Description:Thick Film Resistors - SMD 0603 470ohms 1% Tol from Part R5
Removed Parameter S.Description:Thick Film Resistors - SMD 0603 470ohms 1% Tol from Part R7
Removed Parameter S.Description:Thin Film Resistors - SMD 1/16W 680ohm 0.5% 25ppm from Part R2
Removed Parameter S.Description:USB Connectors MINI B RECEPT RA SMT W/O POST from Part JP2
Change Value of Parameter Supplier Part Number 1 in Part C2 Old=581-06031A180GAT2A New=791-0402N180F500CT
Change Value of Parameter Supplier Part Number 1 in Part C3 Old=581-06031A180GAT2A New=791-0402N180F500CT
Change Value of Parameter Supplier Part Number 1 in Part C6 Old=581-06035A330J New=710-885012005058
Change Value of Parameter Supplier Part Number 1 in Part C7 Old=581-06035A330J New=710-885012005058
Change Value of Parameter Supplier Part Number 1 in Part R6 Old=667-ERJ-3EKF33R0V New=71-CRCW040233R0FKEDC
Change Value of Parameter Supplier Part Number 1 in Part R8 Old=667-ERJ-3EKF33R0V New=71-CRCW040233R0FKEDC
